<?xml version="1.0" encoding="UTF-8"?>
<!-- Generated by org.testng.reporters.JUnitReportReporter -->
<testsuite hostname="LAPTOP-PG58VPJS" failures="0" tests="2" name="pac1.ContactTest1" time="0.008" errors="0" timestamp="2024-06-29T13:43:38 IST" skipped="0">
  <testcase classname="pac1.ContactTest1" name="createcontactTest" time="0.008"/>
  <testcase classname="pac1.ContactTest1" name="modifycontactTest" time="0.000"/>
</testsuite> <!-- pac1.ContactTest1 -->
