<?xml version="1.0" encoding="UTF-8"?>
<!-- Generated by org.testng.reporters.JUnitReportReporter -->
<testsuite hostname="LAPTOP-PG58VPJS" failures="0" tests="2" name="pack3.CreateEmailTest" time="0.002" errors="0" timestamp="2024-06-29T13:43:38 IST" skipped="0">
  <testcase classname="pack3.CreateEmailTest" name="createEmail" time="0.001"/>
  <testcase classname="pack3.CreateEmailTest" name="modifyEmail" time="0.001"/>
</testsuite> <!-- pack3.CreateEmailTest -->
